2024-04-09 10:39:01,574 [Worker-8: Loading available Gradle versions] INFO  o.e.b.c.i.u.g.PublishedGradleVersions - Gradle version information cache is up-to-date. Trying to read.
2024-04-09 10:40:35,095 [Worker-34: Creating project "JenkinsMavenPrj2"] INFO  o.e.m.c.i.l.LifecycleMappingFactory - Using org.eclipse.m2e.jdt.JarLifecycleMapping lifecycle mapping for MavenProject: com.firstJenkinsMav:JenkinsMavenPrj2:0.0.1-SNAPSHOT @ C:\Users\rwavb\Documents\rwavBeanStalk~workspace\jenkins~practice\jenkins-maven-prj-2\JenkinsMavenPrj2\pom.xml.
2024-04-09 10:40:35,317 [Worker-34: Creating project "JenkinsMavenPrj2"] INFO  o.e.m.j.i.AbstractJavaProjectConfigurator - Adding source folder /JenkinsMavenPrj2/src/main/java
2024-04-09 10:40:35,319 [Worker-34: Creating project "JenkinsMavenPrj2"] INFO  o.e.m.j.i.AbstractJavaProjectConfigurator - Adding resource folder /JenkinsMavenPrj2/src/main/resources
2024-04-09 10:40:35,319 [Worker-34: Creating project "JenkinsMavenPrj2"] INFO  o.e.m.j.i.AbstractJavaProjectConfigurator - Adding source folder /JenkinsMavenPrj2/src/test/java
2024-04-09 10:40:35,320 [Worker-34: Creating project "JenkinsMavenPrj2"] INFO  o.e.m.j.i.AbstractJavaProjectConfigurator - Adding resource folder /JenkinsMavenPrj2/src/test/resources
2024-04-09 10:40:36,076 [Worker-37: Building] WARN  o.e.m.c.i.embedder.EclipseLogger - Using platform encoding (Cp1252 actually) to copy filtered resources, i.e. build is platform dependent!
2024-04-09 10:40:36,086 [Worker-37: Building] INFO  o.e.m.c.i.embedder.EclipseLogger - Copying 0 resource
2024-04-09 10:40:36,089 [Worker-37: Building] WARN  o.e.m.c.i.embedder.EclipseLogger - Using platform encoding (Cp1252 actually) to copy filtered resources, i.e. build is platform dependent!
2024-04-09 10:40:36,091 [Worker-37: Building] INFO  o.e.m.c.i.embedder.EclipseLogger - Copying 0 resource
2024-04-09 10:41:31,445 [Worker-38: Building] WARN  o.e.m.c.i.embedder.EclipseLogger - Using platform encoding (Cp1252 actually) to copy filtered resources, i.e. build is platform dependent!
2024-04-09 10:41:31,456 [Worker-38: Building] INFO  o.e.m.c.i.embedder.EclipseLogger - Copying 0 resource
2024-04-09 10:41:31,457 [Worker-38: Building] WARN  o.e.m.c.i.embedder.EclipseLogger - Using platform encoding (Cp1252 actually) to copy filtered resources, i.e. build is platform dependent!
2024-04-09 10:41:31,459 [Worker-38: Building] INFO  o.e.m.c.i.embedder.EclipseLogger - Copying 0 resource
2024-04-09 10:41:49,672 [Worker-24: Building] WARN  o.e.m.c.i.embedder.EclipseLogger - Using platform encoding (Cp1252 actually) to copy filtered resources, i.e. build is platform dependent!
2024-04-09 10:41:49,673 [Worker-24: Building] INFO  o.e.m.c.i.embedder.EclipseLogger - Copying 0 resource
2024-04-09 10:41:49,675 [Worker-24: Building] WARN  o.e.m.c.i.embedder.EclipseLogger - Using platform encoding (Cp1252 actually) to copy filtered resources, i.e. build is platform dependent!
2024-04-09 10:41:49,676 [Worker-24: Building] INFO  o.e.m.c.i.embedder.EclipseLogger - Copying 0 resource
2024-04-09 10:41:50,687 [Worker-39: Building] WARN  o.e.m.c.i.embedder.EclipseLogger - Using platform encoding (Cp1252 actually) to copy filtered resources, i.e. build is platform dependent!
2024-04-09 10:41:50,689 [Worker-39: Building] INFO  o.e.m.c.i.embedder.EclipseLogger - Copying 0 resource
2024-04-09 10:41:50,690 [Worker-39: Building] WARN  o.e.m.c.i.embedder.EclipseLogger - Using platform encoding (Cp1252 actually) to copy filtered resources, i.e. build is platform dependent!
2024-04-09 10:41:50,690 [Worker-39: Building] INFO  o.e.m.c.i.embedder.EclipseLogger - Copying 0 resource
2024-04-09 10:42:33,059 [Worker-38: Building] WARN  o.e.m.c.i.embedder.EclipseLogger - Using platform encoding (Cp1252 actually) to copy filtered resources, i.e. build is platform dependent!
2024-04-09 10:42:33,060 [Worker-38: Building] INFO  o.e.m.c.i.embedder.EclipseLogger - Copying 0 resource
2024-04-09 10:42:33,061 [Worker-38: Building] WARN  o.e.m.c.i.embedder.EclipseLogger - Using platform encoding (Cp1252 actually) to copy filtered resources, i.e. build is platform dependent!
